f:\projects\codicamp\c-game-course\mygame\spacegame\spacegame\release\vc120.pdb
f:\projects\codicamp\c-game-course\mygame\spacegame\spacegame\release\cindielib.obj
f:\projects\codicamp\c-game-course\mygame\spacegame\spacegame\release\main.obj
f:\projects\codicamp\c-game-course\mygame\spacegame\spacegame\release\menu.obj
f:\projects\codicamp\c-game-course\mygame\spacegame\spacegame\release\object.obj
f:\projects\codicamp\c-game-course\mygame\spacegame\spacegame\release\ship.obj
f:\projects\codicamp\c-game-course\mygame\spacegame\spacegame\release\planet.obj
f:\projects\codicamp\c-game-course\mygame\spacegame\spacegame\release\error.obj
f:\projects\codicamp\c-game-course\mygame\spacegame\spacegame\release\errorhandler.obj
f:\projects\codicamp\c-game-course\mygame\spacegame\spacegame\release\gobject.obj
f:\projects\codicamp\c-game-course\mygame\spacegame\spacegame\release\bullet.obj
f:\projects\codicamp\c-game-course\mygame\spacegame\spacegame\release\hud.obj
f:\projects\codicamp\c-game-course\mygame\spacegame\spacegame\release\options.obj
f:\projects\codicamp\c-game-course\mygame\spacegame\spacegame\release\menuitem.obj
f:\projects\codicamp\c-game-course\mygame\spacegame\spacegame\release\thing.obj
f:\projects\codicamp\c-game-course\mygame\spacegame\spacegame\release\sprite.obj
f:\projects\codicamp\c-game-course\mygame\spacegame\spacegame\release\explosion.obj
f:\projects\codicamp\c-game-course\mygame\spacegame\spacegame\release\particle.obj
f:\projects\codicamp\c-game-course\mygame\spacegame\spacegame\release\controller.obj
f:\projects\codicamp\c-game-course\mygame\spacegame\release\spacegame.exe
f:\projects\codicamp\c-game-course\mygame\spacegame\release\spacegame.pdb
f:\projects\codicamp\c-game-course\mygame\spacegame\spacegame\release\spacegame.tlog\cl.command.1.tlog
f:\projects\codicamp\c-game-course\mygame\spacegame\spacegame\release\spacegame.tlog\cl.read.1.tlog
f:\projects\codicamp\c-game-course\mygame\spacegame\spacegame\release\spacegame.tlog\cl.write.1.tlog
f:\projects\codicamp\c-game-course\mygame\spacegame\spacegame\release\spacegame.tlog\link.command.1.tlog
f:\projects\codicamp\c-game-course\mygame\spacegame\spacegame\release\spacegame.tlog\link.read.1.tlog
f:\projects\codicamp\c-game-course\mygame\spacegame\spacegame\release\spacegame.tlog\link.write.1.tlog
