Build started 1.8.2015 г. 22:47:23.
     1>Project "F:\Projects\CodiCamp\C-game-course\MyGame\SpaceGame\SpaceGame\SpaceGame.vcxproj" on node 2 (Build target(s)).
     1>ClCompile:
         F:\Program Files (x86)\Microsoft Visual Studio 12.0\VC\bin\CL.exe /c /I"F:\Projects\CodiCamp\C-game-course\MyGame\SpaceGame\SpaceGame\tools\editor_tileless" /I"F:\Projects\CodiCamp\C-game-course\MyGame\SpaceGame\SpaceGame\common\include" /I"C:\Users\Steve\Desktop\Организации\Codi Camp\Cources\Intro Game Development C++\Lecture5_Indielib\MyGame\SpaceGame\SpaceGame\common\include" /I"C:\Users\Steve\Desktop\Организации\Codi Camp\Cources\Intro Game Development C++\Lecture5_Indielib\MyGame\SpaceGame\SpaceGame\tools\editor_tileless" /I..\..\..\..\common\include /Zi /nologo /W3 /WX- /sdl /O2 /Oi /Oy- /GL /D WIN32 /D NDEBUG /D _WINDOWS /D _UNICODE /D UNICODE /Gm- /EHsc /MD /GS /Gy /fp:precise /Zc:wchar_t /Zc:forScope /Fo"Release\\" /Fd"Release\vc120.pdb" /Gd /TP /analyze- /errorReport:prompt Bullet.cpp Controller.cpp Main.cpp Ship.cpp Thing.cpp
         Bullet.cpp
     1>Bullet.cpp(42): warning C4244: '=' : conversion from 'double' to 'float', possible loss of data
     1>Bullet.cpp(43): warning C4244: '=' : conversion from 'double' to 'float', possible loss of data
     1>Bullet.cpp(44): warning C4244: '=' : conversion from 'double' to 'float', possible loss of data
         Controller.cpp
     1>f:\projects\codicamp\c-game-course\mygame\spacegame\spacegame\GlobalHeader.h(11): warning C4005: 'PI' : macro redefinition
                 f:\projects\codicamp\c-game-course\mygame\spacegame\spacegame\common\include\Defines.h(249) : see previous definition of 'PI'
     1>Controller.cpp(48): warning C4244: 'argument' : conversion from 'time_t' to 'unsigned int', possible loss of data
     1>Controller.cpp(77): warning C4552: '!' : operator has no effect; expected operator with side-effect
     1>Controller.cpp(86): warning C4552: '!' : operator has no effect; expected operator with side-effect
     1>Controller.cpp(102): warning C4244: 'argument' : conversion from 'time_t' to 'unsigned int', possible loss of data
         Main.cpp
     1>f:\projects\codicamp\c-game-course\mygame\spacegame\spacegame\GlobalHeader.h(11): warning C4005: 'PI' : macro redefinition
                 f:\projects\codicamp\c-game-course\mygame\spacegame\spacegame\common\include\Defines.h(249) : see previous definition of 'PI'
     1>Main.cpp(95): warning C4018: '<' : signed/unsigned mismatch
     1>Main.cpp(138): warning C4018: '<' : signed/unsigned mismatch
     1>Main.cpp(30): warning C4101: 'TempText' : unreferenced local variable
         Ship.cpp
     1>f:\projects\codicamp\c-game-course\mygame\spacegame\spacegame\GlobalHeader.h(11): warning C4005: 'PI' : macro redefinition
                 f:\projects\codicamp\c-game-course\mygame\spacegame\spacegame\common\include\Defines.h(249) : see previous definition of 'PI'
     1>Ship.cpp(64): warning C4244: 'initializing' : conversion from 'double' to 'float', possible loss of data
     1>Ship.cpp(67): warning C4244: 'initializing' : conversion from 'double' to 'float', possible loss of data
     1>Ship.cpp(83): warning C4244: 'initializing' : conversion from 'double' to 'float', possible loss of data
     1>Ship.cpp(109): warning C4244: 'initializing' : conversion from 'double' to 'float', possible loss of data
     1>Ship.cpp(116): warning C4244: 'initializing' : conversion from 'double' to 'float', possible loss of data
     1>Ship.cpp(145): warning C4244: 'argument' : conversion from 'double' to 'float', possible loss of data
     1>Ship.cpp(155): warning C4244: 'argument' : conversion from 'double' to 'float', possible loss of data
     1>Ship.cpp(165): warning C4244: 'argument' : conversion from 'double' to 'float', possible loss of data
     1>Ship.cpp(171): warning C4244: 'argument' : conversion from 'double' to 'float', possible loss of data
     1>Ship.cpp(200): warning C4244: 'initializing' : conversion from 'double' to 'float', possible loss of data
     1>Ship.cpp(232): warning C4154: deletion of an array expression; conversion to pointer supplied
     1>Ship.cpp(241): warning C4244: 'return' : conversion from 'float' to 'int', possible loss of data
     1>Ship.cpp(246): warning C4244: 'return' : conversion from 'float' to 'int', possible loss of data
     1>Ship.cpp(251): warning C4244: 'return' : conversion from 'float' to 'int', possible loss of data
     1>Ship.cpp(278): warning C4244: '=' : conversion from 'double' to 'float', possible loss of data
         Thing.cpp
     1>f:\projects\codicamp\c-game-course\mygame\spacegame\spacegame\GlobalHeader.h(11): warning C4005: 'PI' : macro redefinition
                 f:\projects\codicamp\c-game-course\mygame\spacegame\spacegame\common\include\Defines.h(249) : see previous definition of 'PI'
     1>Thing.cpp(17): warning C4244: 'argument' : conversion from 'int' to 'float', possible loss of data
     1>Thing.cpp(27): warning C4552: '!' : operator has no effect; expected operator with side-effect
     1>Thing.cpp(31): warning C4244: 'argument' : conversion from 'int' to 'float', possible loss of data
     1>Thing.cpp(46): warning C4305: 'argument' : truncation from 'double' to 'float'
     1>Thing.cpp(101): warning C4244: 'return' : conversion from 'float' to 'int', possible loss of data
     1>Thing.cpp(106): warning C4244: 'return' : conversion from 'float' to 'int', possible loss of data
       Link:
         F:\Program Files (x86)\Microsoft Visual Studio 12.0\VC\bin\link.exe /ERRORREPORT:PROMPT /OUT:"F:\Projects\CodiCamp\C-game-course\MyGame\SpaceGame\Release\SpaceGame.exe" /INCREMENTAL:NO /NOLOGO /LIBPATH:"F:\Projects\CodiCamp\C-game-course\MyGame\SpaceGame\SpaceGame\bin\win" /LIBPATH:"C:\Users\Steve\Desktop\Организации\Codi Camp\Cources\Intro Game Development C++\Lecture5_Indielib\MyGame\SpaceGame\SpaceGame\bin\win" /LIBPATH:../../../../bin/win IndieLib.lib kernel32.lib user32.lib gdi32.lib winspool.lib comdlg32.lib advapi32.lib shell32.lib ole32.lib oleaut32.lib uuid.lib odbc32.lib odbccp32.lib /MANIFEST /MANIFESTUAC:"level='asInvoker' uiAccess='false'" /manifest:embed /DEBUG /PDB:"F:\Projects\CodiCamp\C-game-course\MyGame\SpaceGame\Release\SpaceGame.pdb" /SUBSYSTEM:WINDOWS /OPT:REF /OPT:ICF /LTCG /TLBID:1 /DYNAMICBASE /NXCOMPAT /IMPLIB:"F:\Projects\CodiCamp\C-game-course\MyGame\SpaceGame\Release\SpaceGame.lib" /MACHINE:X86 /SAFESEH Release\Bullet.obj
         Release\ErrorHandler.obj
         Release\Explosion.obj
         Release\Controller.obj
         Release\HUD.obj
         Release\Main.obj
         Release\Menu.obj
         Release\MenuItem.obj
         Release\Options.obj
         Release\Particle.obj
         Release\Planet.obj
         Release\Ship.obj
         Release\GObject.obj
         Release\Sprite.obj
         Release\Thing.obj
         Release\CIndieLib.obj
         Generating code
         Finished generating code
         SpaceGame.vcxproj -> F:\Projects\CodiCamp\C-game-course\MyGame\SpaceGame\Release\SpaceGame.exe
     1>Done Building Project "F:\Projects\CodiCamp\C-game-course\MyGame\SpaceGame\SpaceGame\SpaceGame.vcxproj" (Build target(s)).

Build succeeded.

Time Elapsed 00:00:04.78
