
                         ''~``                          
                        ( o o )                         
+------------------.oooO--(_)--Oooo.------------------+ 
|                                                     | 
|                .-------------------.                | 
|                | I N D I E  L I B  |                | 
|                .-------------------.                | 
|                    .oooO                            | 
|                    (   )   Oooo.                    | 
+---------------------\ (----(   )--------------------+
                       \_)    ) /                      
                             (_/                        
Indielib version: 0.5.1

[Init time]: (Thrusday, 2 of July 2015)

[19:10:58] [ BEGIN ] -- Creating Render --
                     {
[19:10:58] [ BEGIN ]    -- Creating SDL window --
                        {
           [  OK   ]       Window created
           [ INFO  ]       Mode: Window
                        }
[19:10:58] [  END  ]    Window OK [Elapsed time = 0.011 seg]
[19:10:58] [ BEGIN ]    -- Initializing Direct3D --
                        {
           [  OK   ]       Creating D3D object
           [  OK   ]       Obtaining the adapter
           [  OK   ]       Creating the device (D3DCREATE_HARDWARE_VERTEXPROCESSING)
           [ INFO  ]       Video mode: 800 x 600 x 32
                        }
[19:10:58] [  END  ]    Direct3D OK [Elapsed time = 0.013 seg]
[19:10:58] [ BEGIN ]    -- Hardware information --
                        {
           [ INFO  ]       Direct3D version: DXSDK November 2007
           [ INFO  ]       Mark: ?
           [ INFO  ]       Chip: Intel(R) HD Graphics 3000
           [ INFO  ]       Primitive antialising (D3DRS_ANTIALIASEDLINEENABLE): No
           [ INFO  ]       Maximum texture size: 8192 x 8192
           [ INFO  ]       Vertex Shader: 3 . 0 
           [ INFO  ]       Pixel Shader: 3 . 0
                        }
[19:10:58] [  END  ]    Hardware Ok [Elapsed time = 0 seg]
[19:10:58] [ BEGIN ]    -- Initializing ImageManager --
                        {
           [  OK   ]       Preparing ImageManager
           [ INFO  ]       Using FreeImage version:  3.15.3
           [ INFO  ]       Copyright:  This program uses FreeImage, a free, open source image library supporting all common bitmap formats. See http://freeimage.sourceforge.net for details
                        }
[19:10:58] [  END  ]    ImageManager Initialised [Elapsed time = 0.001 seg]
[19:10:58] [ BEGIN ]    -- Initializing SurfaceManager --
                        {
           [  OK   ]       Checking IND_Render
           [  OK   ]       Checking IND_ImageManager
                        }
[19:10:58] [  END  ]    SurfaceManager OK [Elapsed time = 0 seg]
[19:10:58] [ BEGIN ]    -- Initializing AnimationManager --
                        {
           [  OK   ]       SurfaceManager Ok
           [  OK   ]       ImageManager Ok
                        }
[19:10:58] [  END  ]    AnimationManager OK [Elapsed time = 0 seg]
[19:10:58] [ BEGIN ]    -- Initializing FontManager --
                        {
           [  OK   ]       SurfaceManager Ok
           [  OK   ]       ImageManager Ok
                        }
[19:10:58] [  END  ]    FontManager OK [Elapsed time = 0 seg]
[19:10:58] [ BEGIN ]    -- Initializing Entity2dManager --
                        {
           [  OK   ]       Preparing Entity2dManager
           [  OK   ]        Checking IND_Render
                        }
[19:10:58] [  END  ]    Entity2dManager OK [Elapsed time = 0 seg]
[19:10:58] [ BEGIN ]    -- Loading Image --
                        {
           [ INFO  ]       File name: ../SpaceGame/resources/genesis/Background_Blue_Space-800x600.jpg
           [ INFO  ]       Extension: jpg
           [ INFO  ]       Size: 800 x 600
           [ INFO  ]       Bpp: 3
           [ INFO  ]       Format: IND_RGB
                        }
[19:10:58] [  END  ]    Image loaded [Elapsed time = 0.033 seg]
[19:10:58] [ BEGIN ]    -- Creating surface --
                        {
           [ INFO  ]       From image: ../SpaceGame/resources/genesis/Background_Blue_Space-800x600.jpg
           [  OK   ]       Image type converted to 32-bit RGB implicitly.
           [ INFO  ]       Type: IND_ALPHA
           [ INFO  ]       Quality: IND_32
           [ INFO  ]       Image size: 800 x 600
           [ INFO  ]       Block size: 1024 x 1024
           [ INFO  ]       Number of blocks: 1 x 1
           [ INFO  ]       Spare (Right | Down): 224 x 424
                        }
[19:10:58] [  END  ]    Surface created [Elapsed time = 0.007 seg]
[19:10:58] [ BEGIN ]    -- Freeing image --
                        {
           [ INFO  ]       File name: ../SpaceGame/resources/genesis/Background_Blue_Space-800x600.jpg
                        }
[19:10:58] [  END  ]    Ok [Elapsed time = 0 seg]
[19:10:58] [ BEGIN ]    -- Loading Image --
                        {
           [ INFO  ]       File name: ../SpaceGame/resources/genesis/Space-Ship-icon2.png
           [ INFO  ]       Extension: png
           [ INFO  ]       Size: 350 x 350
           [ INFO  ]       Bpp: 4
           [ INFO  ]       Format: IND_RGBA
                        }
[19:10:58] [  END  ]    Image loaded [Elapsed time = 0.004 seg]
[19:10:58] [ BEGIN ]    -- Creating surface --
                        {
           [ INFO  ]       From image: ../SpaceGame/resources/genesis/Space-Ship-icon2.png
           [ INFO  ]       Type: IND_ALPHA
           [ INFO  ]       Quality: IND_32
           [ INFO  ]       Image size: 350 x 350
           [ INFO  ]       Block size: 512 x 512
           [ INFO  ]       Number of blocks: 1 x 1
           [ INFO  ]       Spare (Right | Down): 162 x 162
                        }
[19:10:58] [  END  ]    Surface created [Elapsed time = 0.001 seg]
[19:10:58] [ BEGIN ]    -- Freeing image --
                        {
           [ INFO  ]       File name: ../SpaceGame/resources/genesis/Space-Ship-icon2.png
                        }
[19:10:58] [  END  ]    Ok [Elapsed time = 0 seg]
[19:10:58] [ BEGIN ]    -- Loading Image --
                        {
           [ INFO  ]       File name: ../SpaceGame/resources/genesis/Sun-icon.png
           [ INFO  ]       Extension: png
           [ INFO  ]       Size: 512 x 512
           [ INFO  ]       Bpp: 4
           [ INFO  ]       Format: IND_RGBA
                        }
[19:10:58] [  END  ]    Image loaded [Elapsed time = 0.019 seg]
[19:10:58] [ BEGIN ]    -- Creating surface --
                        {
           [ INFO  ]       From image: ../SpaceGame/resources/genesis/Sun-icon.png
           [ INFO  ]       Type: IND_ALPHA
           [ INFO  ]       Quality: IND_32
           [ INFO  ]       Image size: 512 x 512
           [ INFO  ]       Block size: 512 x 512
           [ INFO  ]       Number of blocks: 1 x 1
           [ INFO  ]       Spare (Right | Down): 0 x 0
                        }
[19:10:58] [  END  ]    Surface created [Elapsed time = 0.001 seg]
[19:10:58] [ BEGIN ]    -- Freeing image --
                        {
           [ INFO  ]       File name: ../SpaceGame/resources/genesis/Sun-icon.png
                        }
[19:10:58] [  END  ]    Ok [Elapsed time = 0.001 seg]
[19:10:58] [ BEGIN ]    -- Loading Image --
                        {
           [ INFO  ]       File name: ../SpaceGame/resources/genesis/Mercury-icon.png
           [ INFO  ]       Extension: png
           [ INFO  ]       Size: 512 x 512
           [ INFO  ]       Bpp: 4
           [ INFO  ]       Format: IND_RGBA
                        }
[19:10:58] [  END  ]    Image loaded [Elapsed time = 0.013 seg]
[19:10:58] [ BEGIN ]    -- Creating surface --
                        {
           [ INFO  ]       From image: ../SpaceGame/resources/genesis/Mercury-icon.png
           [ INFO  ]       Type: IND_ALPHA
           [ INFO  ]       Quality: IND_32
           [ INFO  ]       Image size: 512 x 512
           [ INFO  ]       Block size: 512 x 512
           [ INFO  ]       Number of blocks: 1 x 1
           [ INFO  ]       Spare (Right | Down): 0 x 0
                        }
[19:10:58] [  END  ]    Surface created [Elapsed time = 0.001 seg]
[19:10:58] [ BEGIN ]    -- Freeing image --
                        {
           [ INFO  ]       File name: ../SpaceGame/resources/genesis/Mercury-icon.png
                        }
[19:10:58] [  END  ]    Ok [Elapsed time = 0 seg]
[19:10:58] [ BEGIN ]    -- Loading Image --
                        {
           [ INFO  ]       File name: ../SpaceGame/resources/genesis/Venus-icon.png
           [ INFO  ]       Extension: png
           [ INFO  ]       Size: 512 x 512
           [ INFO  ]       Bpp: 4
           [ INFO  ]       Format: IND_RGBA
                        }
[19:10:58] [  END  ]    Image loaded [Elapsed time = 0.014 seg]
[19:10:58] [ BEGIN ]    -- Creating surface --
                        {
           [ INFO  ]       From image: ../SpaceGame/resources/genesis/Venus-icon.png
           [ INFO  ]       Type: IND_ALPHA
           [ INFO  ]       Quality: IND_32
           [ INFO  ]       Image size: 512 x 512
           [ INFO  ]       Block size: 512 x 512
           [ INFO  ]       Number of blocks: 1 x 1
           [ INFO  ]       Spare (Right | Down): 0 x 0
                        }
[19:10:58] [  END  ]    Surface created [Elapsed time = 0.001 seg]
[19:10:58] [ BEGIN ]    -- Freeing image --
                        {
           [ INFO  ]       File name: ../SpaceGame/resources/genesis/Venus-icon.png
                        }
[19:10:58] [  END  ]    Ok [Elapsed time = 0 seg]
[19:10:58] [ BEGIN ]    -- Loading Image --
                        {
           [ INFO  ]       File name: ../SpaceGame/resources/genesis/Earth-icon.png
           [ INFO  ]       Extension: png
           [ INFO  ]       Size: 512 x 512
           [ INFO  ]       Bpp: 4
           [ INFO  ]       Format: IND_RGBA
                        }
[19:10:58] [  END  ]    Image loaded [Elapsed time = 0.012 seg]
[19:10:58] [ BEGIN ]    -- Creating surface --
                        {
           [ INFO  ]       From image: ../SpaceGame/resources/genesis/Earth-icon.png
           [ INFO  ]       Type: IND_ALPHA
           [ INFO  ]       Quality: IND_32
           [ INFO  ]       Image size: 512 x 512
           [ INFO  ]       Block size: 512 x 512
           [ INFO  ]       Number of blocks: 1 x 1
           [ INFO  ]       Spare (Right | Down): 0 x 0
                        }
[19:10:58] [  END  ]    Surface created [Elapsed time = 0.002 seg]
[19:10:58] [ BEGIN ]    -- Freeing image --
                        {
           [ INFO  ]       File name: ../SpaceGame/resources/genesis/Earth-icon.png
                        }
[19:10:58] [  END  ]    Ok [Elapsed time = 0 seg]
[19:10:58] [ BEGIN ]    -- Loading Image --
                        {
           [ INFO  ]       File name: ../SpaceGame/resources/genesis/Mars-icon.png
           [ INFO  ]       Extension: png
           [ INFO  ]       Size: 512 x 512
           [ INFO  ]       Bpp: 4
           [ INFO  ]       Format: IND_RGBA
                        }
[19:10:59] [  END  ]    Image loaded [Elapsed time = 0.011 seg]
[19:10:59] [ BEGIN ]    -- Creating surface --
                        {
           [ INFO  ]       From image: ../SpaceGame/resources/genesis/Mars-icon.png
           [ INFO  ]       Type: IND_ALPHA
           [ INFO  ]       Quality: IND_32
           [ INFO  ]       Image size: 512 x 512
           [ INFO  ]       Block size: 512 x 512
           [ INFO  ]       Number of blocks: 1 x 1
           [ INFO  ]       Spare (Right | Down): 0 x 0
                        }
[19:10:59] [  END  ]    Surface created [Elapsed time = 0.002 seg]
[19:10:59] [ BEGIN ]    -- Freeing image --
                        {
           [ INFO  ]       File name: ../SpaceGame/resources/genesis/Mars-icon.png
                        }
[19:10:59] [  END  ]    Ok [Elapsed time = 0 seg]
[19:10:59] [ BEGIN ]    -- Loading Image --
                        {
           [ INFO  ]       File name: ../SpaceGame/resources/genesis/Jupiter-icon.png
           [ INFO  ]       Extension: png
           [ INFO  ]       Size: 512 x 512
           [ INFO  ]       Bpp: 4
           [ INFO  ]       Format: IND_RGBA
                        }
[19:10:59] [  END  ]    Image loaded [Elapsed time = 0.013 seg]
[19:10:59] [ BEGIN ]    -- Creating surface --
                        {
           [ INFO  ]       From image: ../SpaceGame/resources/genesis/Jupiter-icon.png
           [ INFO  ]       Type: IND_ALPHA
           [ INFO  ]       Quality: IND_32
           [ INFO  ]       Image size: 512 x 512
           [ INFO  ]       Block size: 512 x 512
           [ INFO  ]       Number of blocks: 1 x 1
           [ INFO  ]       Spare (Right | Down): 0 x 0
                        }
[19:10:59] [  END  ]    Surface created [Elapsed time = 0.001 seg]
[19:10:59] [ BEGIN ]    -- Freeing image --
                        {
           [ INFO  ]       File name: ../SpaceGame/resources/genesis/Jupiter-icon.png
                        }
[19:10:59] [  END  ]    Ok [Elapsed time = 0.001 seg]
[19:10:59] [ BEGIN ]    -- Loading Image --
                        {
           [ INFO  ]       File name: ../SpaceGame/resources/genesis/Saturn-icon.png
           [ INFO  ]       Extension: png
           [ INFO  ]       Size: 512 x 512
           [ INFO  ]       Bpp: 4
           [ INFO  ]       Format: IND_RGBA
                        }
[19:10:59] [  END  ]    Image loaded [Elapsed time = 0.013 seg]
[19:10:59] [ BEGIN ]    -- Creating surface --
                        {
           [ INFO  ]       From image: ../SpaceGame/resources/genesis/Saturn-icon.png
           [ INFO  ]       Type: IND_ALPHA
           [ INFO  ]       Quality: IND_32
           [ INFO  ]       Image size: 512 x 512
           [ INFO  ]       Block size: 512 x 512
           [ INFO  ]       Number of blocks: 1 x 1
           [ INFO  ]       Spare (Right | Down): 0 x 0
                        }
[19:10:59] [  END  ]    Surface created [Elapsed time = 0.001 seg]
[19:10:59] [ BEGIN ]    -- Freeing image --
                        {
           [ INFO  ]       File name: ../SpaceGame/resources/genesis/Saturn-icon.png
                        }
[19:10:59] [  END  ]    Ok [Elapsed time = 0 seg]
[19:10:59] [ BEGIN ]    -- Loading Image --
                        {
           [ INFO  ]       File name: ../SpaceGame/resources/genesis/Uranus-icon.png
           [ INFO  ]       Extension: png
           [ INFO  ]       Size: 512 x 512
           [ INFO  ]       Bpp: 4
           [ INFO  ]       Format: IND_RGBA
                        }
[19:10:59] [  END  ]    Image loaded [Elapsed time = 0.009 seg]
[19:10:59] [ BEGIN ]    -- Creating surface --
                        {
           [ INFO  ]       From image: ../SpaceGame/resources/genesis/Uranus-icon.png
           [ INFO  ]       Type: IND_ALPHA
           [ INFO  ]       Quality: IND_32
           [ INFO  ]       Image size: 512 x 512
           [ INFO  ]       Block size: 512 x 512
           [ INFO  ]       Number of blocks: 1 x 1
           [ INFO  ]       Spare (Right | Down): 0 x 0
                        }
[19:10:59] [  END  ]    Surface created [Elapsed time = 0.001 seg]
[19:10:59] [ BEGIN ]    -- Freeing image --
                        {
           [ INFO  ]       File name: ../SpaceGame/resources/genesis/Uranus-icon.png
                        }
[19:10:59] [  END  ]    Ok [Elapsed time = 0 seg]
[19:10:59] [ BEGIN ]    -- Loading Image --
                        {
           [ INFO  ]       File name: ../SpaceGame/resources/genesis/Neptune-icon.png
           [ INFO  ]       Extension: png
           [ INFO  ]       Size: 512 x 512
           [ INFO  ]       Bpp: 4
           [ INFO  ]       Format: IND_RGBA
                        }
[19:10:59] [  END  ]    Image loaded [Elapsed time = 0.011 seg]
[19:10:59] [ BEGIN ]    -- Creating surface --
                        {
           [ INFO  ]       From image: ../SpaceGame/resources/genesis/Neptune-icon.png
           [ INFO  ]       Type: IND_ALPHA
           [ INFO  ]       Quality: IND_32
           [ INFO  ]       Image size: 512 x 512
           [ INFO  ]       Block size: 512 x 512
           [ INFO  ]       Number of blocks: 1 x 1
           [ INFO  ]       Spare (Right | Down): 0 x 0
                        }
[19:10:59] [  END  ]    Surface created [Elapsed time = 0.002 seg]
[19:10:59] [ BEGIN ]    -- Freeing image --
                        {
           [ INFO  ]       File name: ../SpaceGame/resources/genesis/Neptune-icon.png
                        }
[19:10:59] [  END  ]    Ok [Elapsed time = 0 seg]
[19:10:59] [ BEGIN ]    -- Loading Image --
                        {
           [ INFO  ]       File name: ../SpaceGame/resources/genesis/Pluto-icon.png
           [ INFO  ]       Extension: png
           [ INFO  ]       Size: 512 x 512
           [ INFO  ]       Bpp: 4
           [ INFO  ]       Format: IND_RGBA
                        }
[19:10:59] [  END  ]    Image loaded [Elapsed time = 0.016 seg]
[19:10:59] [ BEGIN ]    -- Creating surface --
                        {
           [ INFO  ]       From image: ../SpaceGame/resources/genesis/Pluto-icon.png
           [ INFO  ]       Type: IND_ALPHA
           [ INFO  ]       Quality: IND_32
           [ INFO  ]       Image size: 512 x 512
           [ INFO  ]       Block size: 512 x 512
           [ INFO  ]       Number of blocks: 1 x 1
           [ INFO  ]       Spare (Right | Down): 0 x 0
                        }
[19:10:59] [  END  ]    Surface created [Elapsed time = 0.003 seg]
[19:10:59] [ BEGIN ]    -- Freeing image --
                        {
           [ INFO  ]       File name: ../SpaceGame/resources/genesis/Pluto-icon.png
                        }
[19:10:59] [  END  ]    Ok [Elapsed time = 0 seg]
[19:10:59] [ BEGIN ]    -- Adding 2d entity --
                        {
           [ INFO  ]       Name: 0
                        }
[19:10:59] [  END  ]    2d entity added [Elapsed time = 0 seg]
[19:10:59] [ BEGIN ]    -- Adding 2d entity --
                        {
           [ INFO  ]       Name: 1
                        }
[19:10:59] [  END  ]    2d entity added [Elapsed time = 0 seg]
[19:10:59] [ BEGIN ]    -- Adding 2d entity --
                        {
           [ INFO  ]       Name: 2
                        }
[19:10:59] [  END  ]    2d entity added [Elapsed time = 0 seg]
[19:10:59] [ BEGIN ]    -- Adding 2d entity --
                        {
           [ INFO  ]       Name: 3
                        }
[19:10:59] [  END  ]    2d entity added [Elapsed time = 0 seg]
[19:10:59] [ BEGIN ]    -- Adding 2d entity --
                        {
           [ INFO  ]       Name: 4
                        }
[19:10:59] [  END  ]    2d entity added [Elapsed time = 0 seg]
[19:10:59] [ BEGIN ]    -- Adding 2d entity --
                        {
           [ INFO  ]       Name: 5
                        }
[19:10:59] [  END  ]    2d entity added [Elapsed time = 0 seg]
[19:10:59] [ BEGIN ]    -- Adding 2d entity --
                        {
           [ INFO  ]       Name: 6
                        }
[19:10:59] [  END  ]    2d entity added [Elapsed time = 0 seg]
[19:10:59] [ BEGIN ]    -- Adding 2d entity --
                        {
           [ INFO  ]       Name: 7
                        }
[19:10:59] [  END  ]    2d entity added [Elapsed time = 0 seg]
[19:10:59] [ BEGIN ]    -- Adding 2d entity --
                        {
           [ INFO  ]       Name: 8
                        }
[19:10:59] [  END  ]    2d entity added [Elapsed time = 0 seg]
[19:10:59] [ BEGIN ]    -- Adding 2d entity --
                        {
           [ INFO  ]       Name: 9
                        }
[19:10:59] [  END  ]    2d entity added [Elapsed time = 0 seg]
[19:10:59] [ BEGIN ]    -- Adding 2d entity --
                        {
           [ INFO  ]       Name: 10
                        }
[19:10:59] [  END  ]    2d entity added [Elapsed time = 0 seg]
[19:10:59] [ BEGIN ]    -- Adding 2d entity --
                        {
           [ INFO  ]       Name: 11
                        }
[19:10:59] [  END  ]    2d entity added [Elapsed time = 0 seg]
[19:11:05] [ BEGIN ]    -- Finalizing Entity2dManager --
                        {
[19:11:05] [ BEGIN ]       -- Freeing 2d entities --
                           {
           [ INFO  ]          Freeing 2d entity: 0
           [ INFO  ]          Freeing 2d entity: 0
           [ INFO  ]          Freeing 2d entity: 0
           [ INFO  ]          Freeing 2d entity: 0
           [ INFO  ]          Freeing 2d entity: 0
           [ INFO  ]          Freeing 2d entity: 0
           [ INFO  ]          Freeing 2d entity: 0
           [ INFO  ]          Freeing 2d entity: 0
           [ INFO  ]          Freeing 2d entity: 0
           [ INFO  ]          Freeing 2d entity: 0
           [ INFO  ]          Freeing 2d entity: 0
           [ INFO  ]          Freeing 2d entity: 0
                           }
[19:11:05] [  END  ]       Entities freed [Elapsed time = 0 seg]
                        }
[19:11:05] [  END  ]    IND_Entity2dManager finalized [Elapsed time = 0 seg]
[19:11:05] [ BEGIN ]    -- Finalizing FontManager --
                        {
[19:11:05] [ BEGIN ]       -- Freeing fonts --
                           {
                           }
[19:11:05] [  END  ]       Fonts freed [Elapsed time = 0 seg]
                        }
[19:11:05] [  END  ]    FontManager finalized [Elapsed time = 0 seg]
[19:11:05] [ BEGIN ]    -- Finalizing AnimationManager --
                        {
[19:11:05] [ BEGIN ]       -- Freeing animations --
                           {
                           }
[19:11:05] [  END  ]       Animations freed [Elapsed time = 0 seg]
                        }
[19:11:05] [  END  ]    AnimationManager finalized [Elapsed time = 0.001 seg]
[19:11:05] [ BEGIN ]    -- Finalizing SurfaceManager --
                        {
[19:11:05] [ BEGIN ]       -- Freeing surfaces --
                           {
           [ INFO  ]          Freeing surface:           [ INFO  ]          Freeing surface:           [ INFO  ]          Freeing surface:           [ INFO  ]          Freeing surface:           [ INFO  ]          Freeing surface:           [ INFO  ]          Freeing surface:           [ INFO  ]          Freeing surface:           [ INFO  ]          Freeing surface:           [ INFO  ]          Freeing surface:           [ INFO  ]          Freeing surface:           [ INFO  ]          Freeing surface:           [ INFO  ]          Freeing surface:                           }
[19:11:05] [  END  ]       Surfaces freed [Elapsed time = 0.008 seg]
                        }
[19:11:05] [  END  ]    IND_SurfaceManager finalized [Elapsed time = 0.008 seg]
[19:11:05] [ BEGIN ]    -- Finalizing ImageManager --
                        {
[19:11:05] [ BEGIN ]       -- Freeing images --
                           {
                           }
[19:11:05] [  END  ]       Images freed [Elapsed time = 0 seg]
                        }
[19:11:05] [  END  ]    ImageManager finalized [Elapsed time = 0 seg]
[19:11:05] [ BEGIN ]    -- Finalizing Direct3D --
                        {
           [  OK   ]       Finalizing the Device
           [  OK   ]       Finalizing D3D object
[19:11:05] [ BEGIN ]       -- Finalizing the window --
                           {
                           }
[19:11:05] [  END  ]       Window finalized [Elapsed time = 0.002 seg]
                        }
[19:11:05] [  END  ]    Direct3D finalized  [Elapsed time = 0.008 seg]
